2024-01-18 16:24:14,281 [Worker-5: Loading available Gradle versions] INFO  o.e.b.c.i.u.g.PublishedGradleVersions - Gradle version information cache is not available. Remote download required.
2024-01-22 12:03:22,578 [Worker-1: Loading available Gradle versions] INFO  o.e.b.c.i.u.g.PublishedGradleVersions - Gradle version information cache is out-of-date. Trying to update.
2024-01-22 12:48:03,448 [Worker-1: Loading available Gradle versions] INFO  o.e.b.c.i.u.g.PublishedGradleVersions - Gradle version information cache is up-to-date. Trying to read.
2024-01-24 12:03:02,695 [Worker-1: Loading available Gradle versions] INFO  o.e.b.c.i.u.g.PublishedGradleVersions - Gradle version information cache is out-of-date. Trying to update.
2024-01-24 12:18:48,666 [Worker-3: Loading available Gradle versions] INFO  o.e.b.c.i.u.g.PublishedGradleVersions - Gradle version information cache is up-to-date. Trying to read.
2024-01-24 12:21:37,678 [Worker-5: Auto share git projects] WARN  org.eclipse.jgit.util.FS_Win32 - null
2024-01-24 15:03:13,574 [Worker-1: Loading available Gradle versions] INFO  o.e.b.c.i.u.g.PublishedGradleVersions - Gradle version information cache is up-to-date. Trying to read.
2024-01-24 15:03:15,056 [Worker-2: Decoration Calculation] WARN  org.eclipse.jgit.util.FS_Win32 - null
2024-01-26 12:03:14,603 [Worker-1: Loading available Gradle versions] INFO  o.e.b.c.i.u.g.PublishedGradleVersions - Gradle version information cache is out-of-date. Trying to update.
2024-01-26 12:03:16,657 [Worker-1: Loading available Gradle versions] INFO  o.e.b.c.i.u.g.PublishedGradleVersions - Updating Gradle version information cache failed. Using outdated cache.
2024-01-26 12:03:17,028 [Worker-2: Decoration Calculation] WARN  org.eclipse.jgit.util.FS_Win32 - null
2024-01-26 15:02:51,220 [Worker-9: Loading available Gradle versions] INFO  o.e.b.c.i.u.g.PublishedGradleVersions - Gradle version information cache is out-of-date. Trying to update.
2024-01-26 15:02:52,790 [Worker-11: Decoration Calculation] WARN  org.eclipse.jgit.util.FS_Win32 - null
2024-01-31 12:04:18,387 [Worker-2: Loading available Gradle versions] INFO  o.e.b.c.i.u.g.PublishedGradleVersions - Gradle version information cache is out-of-date. Trying to update.
2024-01-31 12:04:22,193 [Worker-1: Decoration Calculation] WARN  org.eclipse.jgit.util.FS_Win32 - null
2024-02-02 13:01:31,676 [Worker-2: Loading available Gradle versions] INFO  o.e.b.c.i.u.g.PublishedGradleVersions - Gradle version information cache is out-of-date. Trying to update.
2024-02-02 13:01:35,736 [Worker-1: Decoration Calculation] WARN  org.eclipse.jgit.util.FS_Win32 - null
2024-02-04 21:19:05,399 [Worker-2: Loading available Gradle versions] INFO  o.e.b.c.i.u.g.PublishedGradleVersions - Gradle version information cache is out-of-date. Trying to update.
2024-02-04 21:19:06,544 [Worker-2: Loading available Gradle versions] INFO  o.e.b.c.i.u.g.PublishedGradleVersions - Updating Gradle version information cache failed. Using outdated cache.
2024-02-04 21:19:07,885 [Worker-3: Decoration Calculation] WARN  org.eclipse.jgit.util.FS_Win32 - null
2024-02-07 12:02:47,166 [Worker-0: Loading available Gradle versions] INFO  o.e.b.c.i.u.g.PublishedGradleVersions - Gradle version information cache is out-of-date. Trying to update.
2024-02-07 12:02:48,984 [Worker-3: Decoration Calculation] WARN  org.eclipse.jgit.util.FS_Win32 - null
2024-02-08 22:22:54,836 [Worker-2: Loading available Gradle versions] INFO  o.e.b.c.i.u.g.PublishedGradleVersions - Gradle version information cache is out-of-date. Trying to update.
2024-02-08 22:22:57,007 [Worker-4: Refreshing workspace] WARN  org.eclipse.jgit.util.FS_Win32 - null
2024-02-09 00:32:32,034 [Worker-2: Loading available Gradle versions] INFO  o.e.b.c.i.u.g.PublishedGradleVersions - Gradle version information cache is up-to-date. Trying to read.
2024-02-09 00:32:34,609 [Worker-1: Decoration Calculation] WARN  org.eclipse.jgit.util.FS_Win32 - null
2024-02-09 12:03:29,099 [Worker-2: Loading available Gradle versions] INFO  o.e.b.c.i.u.g.PublishedGradleVersions - Gradle version information cache is up-to-date. Trying to read.
2024-02-09 12:03:30,448 [Worker-0: Decoration Calculation] WARN  org.eclipse.jgit.util.FS_Win32 - null
2024-02-09 15:03:59,144 [Worker-1: Loading available Gradle versions] INFO  o.e.b.c.i.u.g.PublishedGradleVersions - Gradle version information cache is up-to-date. Trying to read.
2024-02-09 15:04:00,699 [Worker-3: Decoration Calculation] WARN  org.eclipse.jgit.util.FS_Win32 - null
2024-02-14 15:06:27,995 [Worker-2: Loading available Gradle versions] INFO  o.e.b.c.i.u.g.PublishedGradleVersions - Gradle version information cache is out-of-date. Trying to update.
2024-02-14 15:06:30,145 [Worker-4: Decoration Calculation] WARN  org.eclipse.jgit.util.FS_Win32 - null
2024-02-16 09:51:21,397 [Worker-4: Loading available Gradle versions] INFO  o.e.b.c.i.u.g.PublishedGradleVersions - Gradle version information cache is out-of-date. Trying to update.
2024-02-16 09:51:26,137 [Worker-3: Decoration Calculation] WARN  org.eclipse.jgit.util.FS_Win32 - null
2024-02-16 09:59:27,260 [Worker-0: Loading available Gradle versions] INFO  o.e.b.c.i.u.g.PublishedGradleVersions - Gradle version information cache is up-to-date. Trying to read.
2024-02-16 09:59:29,313 [Worker-2: Decoration Calculation] WARN  org.eclipse.jgit.util.FS_Win32 - null
